<?xml version="1.0" encoding="UTF-8"?>
<testsuite name="co.com.ceiba.estacionamiento.util.CalcularCobroTest" tests="6" skipped="0" failures="0" errors="0" timestamp="2018-08-29T03:12:47" hostname="CARLOS-SANCHEZ" time="0.042">
  <properties/>
  <testcase name="cobrarCarroDia" classname="co.com.ceiba.estacionamiento.util.CalcularCobroTest" time="0.005"/>
  <testcase name="cobrarMotoDiaSinCilidraje" classname="co.com.ceiba.estacionamiento.util.CalcularCobroTest" time="0.005"/>
  <testcase name="cobrarMotoDiaConCilidraje" classname="co.com.ceiba.estacionamiento.util.CalcularCobroTest" time="0.008"/>
  <testcase name="cobrarCarroHora" classname="co.com.ceiba.estacionamiento.util.CalcularCobroTest" time="0.011"/>
  <testcase name="cobrarMotoHoraSinCilidraje" classname="co.com.ceiba.estacionamiento.util.CalcularCobroTest" time="0.004"/>
  <testcase name="cobrarMotoHoraConCilidraje" classname="co.com.ceiba.estacionamiento.util.CalcularCobroTest" time="0.003"/>
  <system-out><![CDATA[2018-08-28 22:12:47.077  INFO 6756 --- [    Test worker] .b.t.c.SpringBootTestContextBootstrapper : Neither @ContextConfiguration nor @ContextHierarchy found for test class [co.com.ceiba.estacionamiento.util.CalcularCobroTest], using SpringBootContextLoader
2018-08-28 22:12:47.078  INFO 6756 --- [    Test worker] o.s.t.c.support.AbstractContextLoader    : Could not detect default resource locations for test class [co.com.ceiba.estacionamiento.util.CalcularCobroTest]: no resource found for suffixes {-context.xml, Context.groovy}.
2018-08-28 22:12:47.081  INFO 6756 --- [    Test worker] t.c.s.AnnotationConfigContextLoaderUtils : Could not detect default configuration classes for test class [co.com.ceiba.estacionamiento.util.CalcularCobroTest]: CalcularCobroTest does not declare any static, non-private, non-final, nested classes annotated with @Configuration.
2018-08-28 22:12:47.096  INFO 6756 --- [    Test worker] .b.t.c.SpringBootTestContextBootstrapper : Found @SpringBootConfiguration co.com.ceiba.estacionamiento.EstacionamientoApplication for test class co.com.ceiba.estacionamiento.util.CalcularCobroTest
2018-08-28 22:12:47.099  INFO 6756 --- [    Test worker] .b.t.c.SpringBootTestContextBootstrapper : Loaded default TestExecutionListener class names from location [META-INF/spring.factories]: [org.springframework.boot.test.autoconfigure.restdocs.RestDocsTestExecutionListener, org.springframework.boot.test.autoconfigure.web.client.MockRestServiceServerResetTestExecutionListener, org.springframework.boot.test.autoconfigure.web.servlet.MockMvcPrintOnlyOnFailureTestExecutionListener, org.springframework.boot.test.autoconfigure.web.servlet.WebDriverTestExecutionListener, org.springframework.boot.test.mock.mockito.MockitoTestExecutionListener, org.springframework.boot.test.mock.mockito.ResetMocksTestExecutionListener, org.springframework.test.context.web.ServletTestExecutionListener, org.springframework.test.context.support.DirtiesContextBeforeModesTestExecutionListener, org.springframework.test.context.support.DependencyInjectionTestExecutionListener, org.springframework.test.context.support.DirtiesContextTestExecutionListener, org.springframework.test.context.transaction.TransactionalTestExecutionListener, org.springframework.test.context.jdbc.SqlScriptsTestExecutionListener]
2018-08-28 22:12:47.100  INFO 6756 --- [    Test worker] .b.t.c.SpringBootTestContextBootstrapper : Using TestExecutionListeners: [org.springframework.test.context.web.ServletTestExecutionListener@331a8df7, org.springframework.test.context.support.DirtiesContextBeforeModesTestExecutionListener@3d840248, org.springframework.boot.test.mock.mockito.MockitoTestExecutionListener@589696f, org.springframework.boot.test.autoconfigure.SpringBootDependencyInjectionTestExecutionListener@24d8324c, org.springframework.test.context.support.DirtiesContextTestExecutionListener@434a6615, org.springframework.test.context.transaction.TransactionalTestExecutionListener@5e41ba76, org.springframework.test.context.jdbc.SqlScriptsTestExecutionListener@104d72c0, org.springframework.boot.test.autoconfigure.restdocs.RestDocsTestExecutionListener@756268d7, org.springframework.boot.test.autoconfigure.web.client.MockRestServiceServerResetTestExecutionListener@6508d2a0, org.springframework.boot.test.autoconfigure.web.servlet.MockMvcPrintOnlyOnFailureTestExecutionListener@3649467d, org.springframework.boot.test.autoconfigure.web.servlet.WebDriverTestExecutionListener@4de9f906, org.springframework.boot.test.mock.mockito.ResetMocksTestExecutionListener@2bab14bc]
]]></system-out>
  <system-err><![CDATA[]]></system-err>
</testsuite>
