<?xml version="1.0" encoding="UTF-8"?>
<testsuite name="co.com.ceiba.estacionamiento.util.ValidacionTest" tests="19" skipped="0" failures="0" errors="0" timestamp="2018-08-27T00:36:29" hostname="CARLOS-SANCHEZ" time="0.731">
  <properties/>
  <testcase name="validarCapacidadCarroFalse" classname="co.com.ceiba.estacionamiento.util.ValidacionTest" time="0.597"/>
  <testcase name="validarIngresoCarroParqueda" classname="co.com.ceiba.estacionamiento.util.ValidacionTest" time="0.031"/>
  <testcase name="validarIngresoMotoSinDiponibilidad" classname="co.com.ceiba.estacionamiento.util.ValidacionTest" time="0.005"/>
  <testcase name="validarIngresoCarroConPlacaSinDia" classname="co.com.ceiba.estacionamiento.util.ValidacionTest" time="0.006"/>
  <testcase name="validarMotoConCilindraje" classname="co.com.ceiba.estacionamiento.util.ValidacionTest" time="0.004"/>
  <testcase name="validarCapacidadMotoTrue" classname="co.com.ceiba.estacionamiento.util.ValidacionTest" time="0.004"/>
  <testcase name="validarIngresoMotoParqueda" classname="co.com.ceiba.estacionamiento.util.ValidacionTest" time="0.004"/>
  <testcase name="validarMotoConPlacaConDia" classname="co.com.ceiba.estacionamiento.util.ValidacionTest" time="0.004"/>
  <testcase name="validarIngresoMotoConPlacaConDia" classname="co.com.ceiba.estacionamiento.util.ValidacionTest" time="0.004"/>
  <testcase name="validarCarroConPlacaConDia" classname="co.com.ceiba.estacionamiento.util.ValidacionTest" time="0.004"/>
  <testcase name="validarIngresoMotoConPlacaSinDia" classname="co.com.ceiba.estacionamiento.util.ValidacionTest" time="0.004"/>
  <testcase name="validarCarroConPlacaSinDia" classname="co.com.ceiba.estacionamiento.util.ValidacionTest" time="0.004"/>
  <testcase name="validarCarroSinPlaca" classname="co.com.ceiba.estacionamiento.util.ValidacionTest" time="0.003"/>
  <testcase name="validarCapacidadMotoFalse" classname="co.com.ceiba.estacionamiento.util.ValidacionTest" time="0.004"/>
  <testcase name="validarMotoSinCilindraje" classname="co.com.ceiba.estacionamiento.util.ValidacionTest" time="0.004"/>
  <testcase name="validarIngresoCarroSinDiponibilidad" classname="co.com.ceiba.estacionamiento.util.ValidacionTest" time="0.007"/>
  <testcase name="validarCapacidadCarroTrue" classname="co.com.ceiba.estacionamiento.util.ValidacionTest" time="0.004"/>
  <testcase name="validarMotoConPlaca" classname="co.com.ceiba.estacionamiento.util.ValidacionTest" time="0.004"/>
  <testcase name="validarIngresoCarroConPlacaConDia" classname="co.com.ceiba.estacionamiento.util.ValidacionTest" time="0.01"/>
  <system-out><![CDATA[2018-08-26 19:36:29.375  INFO 6508 --- [    Test worker] .b.t.c.SpringBootTestContextBootstrapper : Neither @ContextConfiguration nor @ContextHierarchy found for test class [co.com.ceiba.estacionamiento.util.ValidacionTest], using SpringBootContextLoader
2018-08-26 19:36:29.376  INFO 6508 --- [    Test worker] o.s.t.c.support.AbstractContextLoader    : Could not detect default resource locations for test class [co.com.ceiba.estacionamiento.util.ValidacionTest]: no resource found for suffixes {-context.xml, Context.groovy}.
2018-08-26 19:36:29.377  INFO 6508 --- [    Test worker] t.c.s.AnnotationConfigContextLoaderUtils : Could not detect default configuration classes for test class [co.com.ceiba.estacionamiento.util.ValidacionTest]: ValidacionTest does not declare any static, non-private, non-final, nested classes annotated with @Configuration.
2018-08-26 19:36:29.379  INFO 6508 --- [    Test worker] .b.t.c.SpringBootTestContextBootstrapper : Found @SpringBootConfiguration co.com.ceiba.estacionamiento.EstacionamientoApplication for test class co.com.ceiba.estacionamiento.util.ValidacionTest
2018-08-26 19:36:29.381  INFO 6508 --- [    Test worker] .b.t.c.SpringBootTestContextBootstrapper : Loaded default TestExecutionListener class names from location [META-INF/spring.factories]: [org.springframework.boot.test.autoconfigure.restdocs.RestDocsTestExecutionListener, org.springframework.boot.test.autoconfigure.web.client.MockRestServiceServerResetTestExecutionListener, org.springframework.boot.test.autoconfigure.web.servlet.MockMvcPrintOnlyOnFailureTestExecutionListener, org.springframework.boot.test.autoconfigure.web.servlet.WebDriverTestExecutionListener, org.springframework.boot.test.mock.mockito.MockitoTestExecutionListener, org.springframework.boot.test.mock.mockito.ResetMocksTestExecutionListener, org.springframework.test.context.web.ServletTestExecutionListener, org.springframework.test.context.support.DirtiesContextBeforeModesTestExecutionListener, org.springframework.test.context.support.DependencyInjectionTestExecutionListener, org.springframework.test.context.support.DirtiesContextTestExecutionListener, org.springframework.test.context.transaction.TransactionalTestExecutionListener, org.springframework.test.context.jdbc.SqlScriptsTestExecutionListener]
2018-08-26 19:36:29.382  INFO 6508 --- [    Test worker] .b.t.c.SpringBootTestContextBootstrapper : Using TestExecutionListeners: [org.springframework.test.context.web.ServletTestExecutionListener@ad608f5, org.springframework.test.context.support.DirtiesContextBeforeModesTestExecutionListener@5da1c64b, org.springframework.boot.test.mock.mockito.MockitoTestExecutionListener@e2fc292, org.springframework.boot.test.autoconfigure.SpringBootDependencyInjectionTestExecutionListener@4a4c0f7a, org.springframework.test.context.support.DirtiesContextTestExecutionListener@70e72766, org.springframework.test.context.transaction.TransactionalTestExecutionListener@232734af, org.springframework.test.context.jdbc.SqlScriptsTestExecutionListener@536c490b, org.springframework.boot.test.autoconfigure.restdocs.RestDocsTestExecutionListener@79f1bbc3, org.springframework.boot.test.autoconfigure.web.client.MockRestServiceServerResetTestExecutionListener@30e47f8c, org.springframework.boot.test.autoconfigure.web.servlet.MockMvcPrintOnlyOnFailureTestExecutionListener@2afca773, org.springframework.boot.test.autoconfigure.web.servlet.WebDriverTestExecutionListener@1b699736, org.springframework.boot.test.mock.mockito.ResetMocksTestExecutionListener@6fb2083b]
]]></system-out>
  <system-err><![CDATA[]]></system-err>
</testsuite>
