<?xml version="1.0" encoding="UTF-8"?>
<testsuite name="co.com.ceiba.estacionamiento.util.ValidacionTest" tests="6" skipped="0" failures="0" errors="0" timestamp="2018-08-24T17:54:02" hostname="CARLOS-SANCHEZ" time="0.68">
  <properties/>
  <testcase name="validarCapacidadCarroFalse" classname="co.com.ceiba.estacionamiento.util.ValidacionTest" time="0.625"/>
  <testcase name="validarCapacidadMotoTrue" classname="co.com.ceiba.estacionamiento.util.ValidacionTest" time="0.004"/>
  <testcase name="validarPlacaFalse" classname="co.com.ceiba.estacionamiento.util.ValidacionTest" time="0.034"/>
  <testcase name="validarPlacaTrue" classname="co.com.ceiba.estacionamiento.util.ValidacionTest" time="0.005"/>
  <testcase name="validarCapacidadMotoFalse" classname="co.com.ceiba.estacionamiento.util.ValidacionTest" time="0.004"/>
  <testcase name="validarCapacidadCarroTrue" classname="co.com.ceiba.estacionamiento.util.ValidacionTest" time="0.003"/>
  <system-out><![CDATA[2018-08-24 12:54:02.136  INFO 4896 --- [    Test worker] .b.t.c.SpringBootTestContextBootstrapper : Neither @ContextConfiguration nor @ContextHierarchy found for test class [co.com.ceiba.estacionamiento.util.ValidacionTest], using SpringBootContextLoader
2018-08-24 12:54:02.140  INFO 4896 --- [    Test worker] o.s.t.c.support.AbstractContextLoader    : Could not detect default resource locations for test class [co.com.ceiba.estacionamiento.util.ValidacionTest]: no resource found for suffixes {-context.xml, Context.groovy}.
2018-08-24 12:54:02.140  INFO 4896 --- [    Test worker] t.c.s.AnnotationConfigContextLoaderUtils : Could not detect default configuration classes for test class [co.com.ceiba.estacionamiento.util.ValidacionTest]: ValidacionTest does not declare any static, non-private, non-final, nested classes annotated with @Configuration.
2018-08-24 12:54:02.161  INFO 4896 --- [    Test worker] .b.t.c.SpringBootTestContextBootstrapper : Found @SpringBootConfiguration co.com.ceiba.estacionamiento.EstacionamientoApplication for test class co.com.ceiba.estacionamiento.util.ValidacionTest
2018-08-24 12:54:02.163  INFO 4896 --- [    Test worker] .b.t.c.SpringBootTestContextBootstrapper : Loaded default TestExecutionListener class names from location [META-INF/spring.factories]: [org.springframework.boot.test.autoconfigure.restdocs.RestDocsTestExecutionListener, org.springframework.boot.test.autoconfigure.web.client.MockRestServiceServerResetTestExecutionListener, org.springframework.boot.test.autoconfigure.web.servlet.MockMvcPrintOnlyOnFailureTestExecutionListener, org.springframework.boot.test.autoconfigure.web.servlet.WebDriverTestExecutionListener, org.springframework.boot.test.mock.mockito.MockitoTestExecutionListener, org.springframework.boot.test.mock.mockito.ResetMocksTestExecutionListener, org.springframework.test.context.web.ServletTestExecutionListener, org.springframework.test.context.support.DirtiesContextBeforeModesTestExecutionListener, org.springframework.test.context.support.DependencyInjectionTestExecutionListener, org.springframework.test.context.support.DirtiesContextTestExecutionListener, org.springframework.test.context.transaction.TransactionalTestExecutionListener, org.springframework.test.context.jdbc.SqlScriptsTestExecutionListener]
2018-08-24 12:54:02.165  INFO 4896 --- [    Test worker] .b.t.c.SpringBootTestContextBootstrapper : Using TestExecutionListeners: [org.springframework.test.context.web.ServletTestExecutionListener@136874cd, org.springframework.test.context.support.DirtiesContextBeforeModesTestExecutionListener@145c88a8, org.springframework.boot.test.mock.mockito.MockitoTestExecutionListener@4f356c84, org.springframework.boot.test.autoconfigure.SpringBootDependencyInjectionTestExecutionListener@2b55b2ae, org.springframework.test.context.support.DirtiesContextTestExecutionListener@7bcb6515, org.springframework.test.context.transaction.TransactionalTestExecutionListener@b22bb0c, org.springframework.test.context.jdbc.SqlScriptsTestExecutionListener@6f17b7a0, org.springframework.boot.test.autoconfigure.restdocs.RestDocsTestExecutionListener@6951a82e, org.springframework.boot.test.autoconfigure.web.client.MockRestServiceServerResetTestExecutionListener@49928bdc, org.springframework.boot.test.autoconfigure.web.servlet.MockMvcPrintOnlyOnFailureTestExecutionListener@57f6a339, org.springframework.boot.test.autoconfigure.web.servlet.WebDriverTestExecutionListener@50ea4d0, org.springframework.boot.test.mock.mockito.ResetMocksTestExecutionListener@61fa7c87]
]]></system-out>
  <system-err><![CDATA[]]></system-err>
</testsuite>
