<?xml version="1.0" encoding="UTF-8"?>
<testsuite name="co.com.ceiba.estacionamiento.util.ValidacionTest" tests="19" skipped="0" failures="0" errors="0" timestamp="2018-08-29T03:12:47" hostname="CARLOS-SANCHEZ" time="1.034">
  <properties/>
  <testcase name="validarCapacidadCarroFalse" classname="co.com.ceiba.estacionamiento.util.ValidacionTest" time="0.812"/>
  <testcase name="validarIngresoCarroParqueda" classname="co.com.ceiba.estacionamiento.util.ValidacionTest" time="0.054"/>
  <testcase name="validarIngresoMotoSinDiponibilidad" classname="co.com.ceiba.estacionamiento.util.ValidacionTest" time="0.007"/>
  <testcase name="validarIngresoCarroConPlacaSinDia" classname="co.com.ceiba.estacionamiento.util.ValidacionTest" time="0.008"/>
  <testcase name="validarMotoConCilindraje" classname="co.com.ceiba.estacionamiento.util.ValidacionTest" time="0.006"/>
  <testcase name="validarCapacidadMotoTrue" classname="co.com.ceiba.estacionamiento.util.ValidacionTest" time="0.006"/>
  <testcase name="validarIngresoMotoParqueda" classname="co.com.ceiba.estacionamiento.util.ValidacionTest" time="0.017"/>
  <testcase name="validarMotoConPlacaConDia" classname="co.com.ceiba.estacionamiento.util.ValidacionTest" time="0.008"/>
  <testcase name="validarIngresoMotoConPlacaConDia" classname="co.com.ceiba.estacionamiento.util.ValidacionTest" time="0.007"/>
  <testcase name="validarCarroConPlacaConDia" classname="co.com.ceiba.estacionamiento.util.ValidacionTest" time="0.005"/>
  <testcase name="validarIngresoMotoConPlacaSinDia" classname="co.com.ceiba.estacionamiento.util.ValidacionTest" time="0.01"/>
  <testcase name="validarCarroConPlacaSinDia" classname="co.com.ceiba.estacionamiento.util.ValidacionTest" time="0.006"/>
  <testcase name="validarCarroSinPlaca" classname="co.com.ceiba.estacionamiento.util.ValidacionTest" time="0.006"/>
  <testcase name="validarCapacidadMotoFalse" classname="co.com.ceiba.estacionamiento.util.ValidacionTest" time="0.007"/>
  <testcase name="validarMotoSinCilindraje" classname="co.com.ceiba.estacionamiento.util.ValidacionTest" time="0.004"/>
  <testcase name="validarIngresoCarroSinDiponibilidad" classname="co.com.ceiba.estacionamiento.util.ValidacionTest" time="0.008"/>
  <testcase name="validarCapacidadCarroTrue" classname="co.com.ceiba.estacionamiento.util.ValidacionTest" time="0.005"/>
  <testcase name="validarMotoConPlaca" classname="co.com.ceiba.estacionamiento.util.ValidacionTest" time="0.005"/>
  <testcase name="validarIngresoCarroConPlacaConDia" classname="co.com.ceiba.estacionamiento.util.ValidacionTest" time="0.006"/>
  <system-out><![CDATA[2018-08-28 22:12:47.155  INFO 6756 --- [    Test worker] .b.t.c.SpringBootTestContextBootstrapper : Neither @ContextConfiguration nor @ContextHierarchy found for test class [co.com.ceiba.estacionamiento.util.ValidacionTest], using SpringBootContextLoader
2018-08-28 22:12:47.156  INFO 6756 --- [    Test worker] o.s.t.c.support.AbstractContextLoader    : Could not detect default resource locations for test class [co.com.ceiba.estacionamiento.util.ValidacionTest]: no resource found for suffixes {-context.xml, Context.groovy}.
2018-08-28 22:12:47.157  INFO 6756 --- [    Test worker] t.c.s.AnnotationConfigContextLoaderUtils : Could not detect default configuration classes for test class [co.com.ceiba.estacionamiento.util.ValidacionTest]: ValidacionTest does not declare any static, non-private, non-final, nested classes annotated with @Configuration.
2018-08-28 22:12:47.159  INFO 6756 --- [    Test worker] .b.t.c.SpringBootTestContextBootstrapper : Found @SpringBootConfiguration co.com.ceiba.estacionamiento.EstacionamientoApplication for test class co.com.ceiba.estacionamiento.util.ValidacionTest
2018-08-28 22:12:47.161  INFO 6756 --- [    Test worker] .b.t.c.SpringBootTestContextBootstrapper : Loaded default TestExecutionListener class names from location [META-INF/spring.factories]: [org.springframework.boot.test.autoconfigure.restdocs.RestDocsTestExecutionListener, org.springframework.boot.test.autoconfigure.web.client.MockRestServiceServerResetTestExecutionListener, org.springframework.boot.test.autoconfigure.web.servlet.MockMvcPrintOnlyOnFailureTestExecutionListener, org.springframework.boot.test.autoconfigure.web.servlet.WebDriverTestExecutionListener, org.springframework.boot.test.mock.mockito.MockitoTestExecutionListener, org.springframework.boot.test.mock.mockito.ResetMocksTestExecutionListener, org.springframework.test.context.web.ServletTestExecutionListener, org.springframework.test.context.support.DirtiesContextBeforeModesTestExecutionListener, org.springframework.test.context.support.DependencyInjectionTestExecutionListener, org.springframework.test.context.support.DirtiesContextTestExecutionListener, org.springframework.test.context.transaction.TransactionalTestExecutionListener, org.springframework.test.context.jdbc.SqlScriptsTestExecutionListener]
2018-08-28 22:12:47.162  INFO 6756 --- [    Test worker] .b.t.c.SpringBootTestContextBootstrapper : Using TestExecutionListeners: [org.springframework.test.context.web.ServletTestExecutionListener@6ea9a7e5, org.springframework.test.context.support.DirtiesContextBeforeModesTestExecutionListener@5a3c16a0, org.springframework.boot.test.mock.mockito.MockitoTestExecutionListener@7c56e198, org.springframework.boot.test.autoconfigure.SpringBootDependencyInjectionTestExecutionListener@516fc708, org.springframework.test.context.support.DirtiesContextTestExecutionListener@725ac44f, org.springframework.test.context.transaction.TransactionalTestExecutionListener@48e955b2, org.springframework.test.context.jdbc.SqlScriptsTestExecutionListener@3782716, org.springframework.boot.test.autoconfigure.restdocs.RestDocsTestExecutionListener@2c80e7f6, org.springframework.boot.test.autoconfigure.web.client.MockRestServiceServerResetTestExecutionListener@85c2695, org.springframework.boot.test.autoconfigure.web.servlet.MockMvcPrintOnlyOnFailureTestExecutionListener@a1ab6e9, org.springframework.boot.test.autoconfigure.web.servlet.WebDriverTestExecutionListener@4818702b, org.springframework.boot.test.mock.mockito.ResetMocksTestExecutionListener@638c8189]
]]></system-out>
  <system-err><![CDATA[]]></system-err>
</testsuite>
