<?xml version="1.0" encoding="UTF-8"?>
<testsuite name="co.com.ceiba.estacionamiento.EstacionamientoApplicationTests" tests="1" skipped="0" failures="0" errors="0" timestamp="2018-08-29T03:12:47" hostname="CARLOS-SANCHEZ" time="0.003">
  <properties/>
  <testcase name="contextLoads" classname="co.com.ceiba.estacionamiento.EstacionamientoApplicationTests" time="0.003"/>
  <system-out><![CDATA[2018-08-28 22:12:47.049  INFO 6756 --- [    Test worker] .b.t.c.SpringBootTestContextBootstrapper : Neither @ContextConfiguration nor @ContextHierarchy found for test class [co.com.ceiba.estacionamiento.EstacionamientoApplicationTests], using SpringBootContextLoader
2018-08-28 22:12:47.050  INFO 6756 --- [    Test worker] o.s.t.c.support.AbstractContextLoader    : Could not detect default resource locations for test class [co.com.ceiba.estacionamiento.EstacionamientoApplicationTests]: no resource found for suffixes {-context.xml, Context.groovy}.
2018-08-28 22:12:47.050  INFO 6756 --- [    Test worker] t.c.s.AnnotationConfigContextLoaderUtils : Could not detect default configuration classes for test class [co.com.ceiba.estacionamiento.EstacionamientoApplicationTests]: EstacionamientoApplicationTests does not declare any static, non-private, non-final, nested classes annotated with @Configuration.
2018-08-28 22:12:47.063  INFO 6756 --- [    Test worker] .b.t.c.SpringBootTestContextBootstrapper : Found @SpringBootConfiguration co.com.ceiba.estacionamiento.EstacionamientoApplication for test class co.com.ceiba.estacionamiento.EstacionamientoApplicationTests
2018-08-28 22:12:47.066  INFO 6756 --- [    Test worker] .b.t.c.SpringBootTestContextBootstrapper : Loaded default TestExecutionListener class names from location [META-INF/spring.factories]: [org.springframework.boot.test.autoconfigure.restdocs.RestDocsTestExecutionListener, org.springframework.boot.test.autoconfigure.web.client.MockRestServiceServerResetTestExecutionListener, org.springframework.boot.test.autoconfigure.web.servlet.MockMvcPrintOnlyOnFailureTestExecutionListener, org.springframework.boot.test.autoconfigure.web.servlet.WebDriverTestExecutionListener, org.springframework.boot.test.mock.mockito.MockitoTestExecutionListener, org.springframework.boot.test.mock.mockito.ResetMocksTestExecutionListener, org.springframework.test.context.web.ServletTestExecutionListener, org.springframework.test.context.support.DirtiesContextBeforeModesTestExecutionListener, org.springframework.test.context.support.DependencyInjectionTestExecutionListener, org.springframework.test.context.support.DirtiesContextTestExecutionListener, org.springframework.test.context.transaction.TransactionalTestExecutionListener, org.springframework.test.context.jdbc.SqlScriptsTestExecutionListener]
2018-08-28 22:12:47.067  INFO 6756 --- [    Test worker] .b.t.c.SpringBootTestContextBootstrapper : Using TestExecutionListeners: [org.springframework.test.context.web.ServletTestExecutionListener@23aaf96a, org.springframework.test.context.support.DirtiesContextBeforeModesTestExecutionListener@4cc78b4f, org.springframework.boot.test.mock.mockito.MockitoTestExecutionListener@18ed889f, org.springframework.boot.test.autoconfigure.SpringBootDependencyInjectionTestExecutionListener@d8bee80, org.springframework.test.context.support.DirtiesContextTestExecutionListener@799e27f2, org.springframework.test.context.transaction.TransactionalTestExecutionListener@9f3467d, org.springframework.test.context.jdbc.SqlScriptsTestExecutionListener@7d2e8eac, org.springframework.boot.test.autoconfigure.restdocs.RestDocsTestExecutionListener@2f838067, org.springframework.boot.test.autoconfigure.web.client.MockRestServiceServerResetTestExecutionListener@27aa83d2, org.springframework.boot.test.autoconfigure.web.servlet.MockMvcPrintOnlyOnFailureTestExecutionListener@3479e9f4, org.springframework.boot.test.autoconfigure.web.servlet.WebDriverTestExecutionListener@3dab5a39, org.springframework.boot.test.mock.mockito.ResetMocksTestExecutionListener@e987553]
]]></system-out>
  <system-err><![CDATA[]]></system-err>
</testsuite>
