<?xml version="1.0" encoding="UTF-8"?>
<testsuite name="co.com.ceiba.estacionamiento.util.CalcularCobroTest" tests="6" skipped="0" failures="0" errors="0" timestamp="2018-08-27T00:36:29" hostname="CARLOS-SANCHEZ" time="0.036">
  <properties/>
  <testcase name="cobrarCarroDia" classname="co.com.ceiba.estacionamiento.util.CalcularCobroTest" time="0.005"/>
  <testcase name="cobrarMotoDiaSinCilidraje" classname="co.com.ceiba.estacionamiento.util.CalcularCobroTest" time="0.004"/>
  <testcase name="cobrarMotoDiaConCilidraje" classname="co.com.ceiba.estacionamiento.util.CalcularCobroTest" time="0.003"/>
  <testcase name="cobrarCarroHora" classname="co.com.ceiba.estacionamiento.util.CalcularCobroTest" time="0.004"/>
  <testcase name="cobrarMotoHoraSinCilidraje" classname="co.com.ceiba.estacionamiento.util.CalcularCobroTest" time="0.004"/>
  <testcase name="cobrarMotoHoraConCilidraje" classname="co.com.ceiba.estacionamiento.util.CalcularCobroTest" time="0.005"/>
  <system-out><![CDATA[2018-08-26 19:36:29.302  INFO 6508 --- [    Test worker] .b.t.c.SpringBootTestContextBootstrapper : Neither @ContextConfiguration nor @ContextHierarchy found for test class [co.com.ceiba.estacionamiento.util.CalcularCobroTest], using SpringBootContextLoader
2018-08-26 19:36:29.304  INFO 6508 --- [    Test worker] o.s.t.c.support.AbstractContextLoader    : Could not detect default resource locations for test class [co.com.ceiba.estacionamiento.util.CalcularCobroTest]: no resource found for suffixes {-context.xml, Context.groovy}.
2018-08-26 19:36:29.305  INFO 6508 --- [    Test worker] t.c.s.AnnotationConfigContextLoaderUtils : Could not detect default configuration classes for test class [co.com.ceiba.estacionamiento.util.CalcularCobroTest]: CalcularCobroTest does not declare any static, non-private, non-final, nested classes annotated with @Configuration.
2018-08-26 19:36:29.321  INFO 6508 --- [    Test worker] .b.t.c.SpringBootTestContextBootstrapper : Found @SpringBootConfiguration co.com.ceiba.estacionamiento.EstacionamientoApplication for test class co.com.ceiba.estacionamiento.util.CalcularCobroTest
2018-08-26 19:36:29.323  INFO 6508 --- [    Test worker] .b.t.c.SpringBootTestContextBootstrapper : Loaded default TestExecutionListener class names from location [META-INF/spring.factories]: [org.springframework.boot.test.autoconfigure.restdocs.RestDocsTestExecutionListener, org.springframework.boot.test.autoconfigure.web.client.MockRestServiceServerResetTestExecutionListener, org.springframework.boot.test.autoconfigure.web.servlet.MockMvcPrintOnlyOnFailureTestExecutionListener, org.springframework.boot.test.autoconfigure.web.servlet.WebDriverTestExecutionListener, org.springframework.boot.test.mock.mockito.MockitoTestExecutionListener, org.springframework.boot.test.mock.mockito.ResetMocksTestExecutionListener, org.springframework.test.context.web.ServletTestExecutionListener, org.springframework.test.context.support.DirtiesContextBeforeModesTestExecutionListener, org.springframework.test.context.support.DependencyInjectionTestExecutionListener, org.springframework.test.context.support.DirtiesContextTestExecutionListener, org.springframework.test.context.transaction.TransactionalTestExecutionListener, org.springframework.test.context.jdbc.SqlScriptsTestExecutionListener]
2018-08-26 19:36:29.324  INFO 6508 --- [    Test worker] .b.t.c.SpringBootTestContextBootstrapper : Using TestExecutionListeners: [org.springframework.test.context.web.ServletTestExecutionListener@5c38dea4, org.springframework.test.context.support.DirtiesContextBeforeModesTestExecutionListener@56165fcf, org.springframework.boot.test.mock.mockito.MockitoTestExecutionListener@4f1f23f1, org.springframework.boot.test.autoconfigure.SpringBootDependencyInjectionTestExecutionListener@579f4772, org.springframework.test.context.support.DirtiesContextTestExecutionListener@4dc86edb, org.springframework.test.context.transaction.TransactionalTestExecutionListener@2944a88a, org.springframework.test.context.jdbc.SqlScriptsTestExecutionListener@1ff206f8, org.springframework.boot.test.autoconfigure.restdocs.RestDocsTestExecutionListener@327b66a3, org.springframework.boot.test.autoconfigure.web.client.MockRestServiceServerResetTestExecutionListener@3ccb7881, org.springframework.boot.test.autoconfigure.web.servlet.MockMvcPrintOnlyOnFailureTestExecutionListener@30c7976a, org.springframework.boot.test.autoconfigure.web.servlet.WebDriverTestExecutionListener@3f0d824c, org.springframework.boot.test.mock.mockito.ResetMocksTestExecutionListener@562aa570]
]]></system-out>
  <system-err><![CDATA[]]></system-err>
</testsuite>
