<?xml version="1.0" encoding="UTF-8"?>
<testsuite name="co.com.ceiba.estacionamiento.util.ValidacionTest" tests="6" skipped="0" failures="0" errors="0" timestamp="2018-08-22T21:38:45" hostname="CARLOS-SANCHEZ" time="0.962">
  <properties/>
  <testcase name="validarCapacidadCarroFalse" classname="co.com.ceiba.estacionamiento.util.ValidacionTest" time="0.869"/>
  <testcase name="validarCapacidadMotoTrue" classname="co.com.ceiba.estacionamiento.util.ValidacionTest" time="0.015"/>
  <testcase name="validarPlacaFalse" classname="co.com.ceiba.estacionamiento.util.ValidacionTest" time="0.045"/>
  <testcase name="validarPlacaTrue" classname="co.com.ceiba.estacionamiento.util.ValidacionTest" time="0.006"/>
  <testcase name="validarCapacidadMotoFalse" classname="co.com.ceiba.estacionamiento.util.ValidacionTest" time="0.007"/>
  <testcase name="validarCapacidadCarroTrue" classname="co.com.ceiba.estacionamiento.util.ValidacionTest" time="0.006"/>
  <system-out><![CDATA[2018-08-22 16:38:45.318  INFO 15076 --- [    Test worker] .b.t.c.SpringBootTestContextBootstrapper : Neither @ContextConfiguration nor @ContextHierarchy found for test class [co.com.ceiba.estacionamiento.util.ValidacionTest], using SpringBootContextLoader
2018-08-22 16:38:45.327  INFO 15076 --- [    Test worker] o.s.t.c.support.AbstractContextLoader    : Could not detect default resource locations for test class [co.com.ceiba.estacionamiento.util.ValidacionTest]: no resource found for suffixes {-context.xml, Context.groovy}.
2018-08-22 16:38:45.328  INFO 15076 --- [    Test worker] t.c.s.AnnotationConfigContextLoaderUtils : Could not detect default configuration classes for test class [co.com.ceiba.estacionamiento.util.ValidacionTest]: ValidacionTest does not declare any static, non-private, non-final, nested classes annotated with @Configuration.
2018-08-22 16:38:45.349  INFO 15076 --- [    Test worker] .b.t.c.SpringBootTestContextBootstrapper : Found @SpringBootConfiguration co.com.ceiba.estacionamiento.EstacionamientoApplication for test class co.com.ceiba.estacionamiento.util.ValidacionTest
2018-08-22 16:38:45.352  INFO 15076 --- [    Test worker] .b.t.c.SpringBootTestContextBootstrapper : Loaded default TestExecutionListener class names from location [META-INF/spring.factories]: [org.springframework.boot.test.autoconfigure.restdocs.RestDocsTestExecutionListener, org.springframework.boot.test.autoconfigure.web.client.MockRestServiceServerResetTestExecutionListener, org.springframework.boot.test.autoconfigure.web.servlet.MockMvcPrintOnlyOnFailureTestExecutionListener, org.springframework.boot.test.autoconfigure.web.servlet.WebDriverTestExecutionListener, org.springframework.boot.test.mock.mockito.MockitoTestExecutionListener, org.springframework.boot.test.mock.mockito.ResetMocksTestExecutionListener, org.springframework.test.context.web.ServletTestExecutionListener, org.springframework.test.context.support.DirtiesContextBeforeModesTestExecutionListener, org.springframework.test.context.support.DependencyInjectionTestExecutionListener, org.springframework.test.context.support.DirtiesContextTestExecutionListener, org.springframework.test.context.transaction.TransactionalTestExecutionListener, org.springframework.test.context.jdbc.SqlScriptsTestExecutionListener]
2018-08-22 16:38:45.353  INFO 15076 --- [    Test worker] .b.t.c.SpringBootTestContextBootstrapper : Using TestExecutionListeners: [org.springframework.test.context.web.ServletTestExecutionListener@6d0811e6, org.springframework.test.context.support.DirtiesContextBeforeModesTestExecutionListener@2ff3bf6b, org.springframework.boot.test.mock.mockito.MockitoTestExecutionListener@6be9e1fb, org.springframework.boot.test.autoconfigure.SpringBootDependencyInjectionTestExecutionListener@67765360, org.springframework.test.context.support.DirtiesContextTestExecutionListener@4adcf949, org.springframework.test.context.transaction.TransactionalTestExecutionListener@78661f9e, org.springframework.test.context.jdbc.SqlScriptsTestExecutionListener@5ca4df50, org.springframework.boot.test.autoconfigure.restdocs.RestDocsTestExecutionListener@99c7af7, org.springframework.boot.test.autoconfigure.web.client.MockRestServiceServerResetTestExecutionListener@2427dc3c, org.springframework.boot.test.autoconfigure.web.servlet.MockMvcPrintOnlyOnFailureTestExecutionListener@6c75bdc9, org.springframework.boot.test.autoconfigure.web.servlet.WebDriverTestExecutionListener@16d1b148, org.springframework.boot.test.mock.mockito.ResetMocksTestExecutionListener@7c702aa7]
]]></system-out>
  <system-err><![CDATA[]]></system-err>
</testsuite>
